2024-12-07 17:28:42,111 [INFO] Starting phylogenetic analysis in folder: /users/harry/desktop/Computational_Genetics/Final_project/code/
2024-12-07 17:28:46,339 [INFO] Processing consensus for category: cds
2024-12-07 17:28:46,340 [INFO] Number of majority splits for cds: 8
2024-12-07 17:28:46,494 [INFO] Consensus tree saved to /users/harry/desktop/Computational_Genetics/Final_project/code/result/Consensus/Consensus_Majority_Rule_Tree_cds.nex
2024-12-07 17:28:46,494 [INFO] Consensus tree saved to /users/harry/desktop/Computational_Genetics/Final_project/code/result/Consensus/Consensus_Majority_Rule_Tree_cds.nwk
2024-12-07 17:28:46,494 [INFO] Consensus tree plot saved at: /users/harry/desktop/Computational_Genetics/Final_project/code/result/Consensus/Majority_Rule_Consensus_Tree_cds.png
2024-12-07 17:28:46,494 [INFO] Processing consensus for category: gene
2024-12-07 17:28:46,494 [INFO] Number of majority splits for gene: 8
2024-12-07 17:28:46,645 [INFO] Consensus tree saved to /users/harry/desktop/Computational_Genetics/Final_project/code/result/Consensus/Consensus_Majority_Rule_Tree_gene.nex
2024-12-07 17:28:46,645 [INFO] Consensus tree saved to /users/harry/desktop/Computational_Genetics/Final_project/code/result/Consensus/Consensus_Majority_Rule_Tree_gene.nwk
2024-12-07 17:28:46,645 [INFO] Consensus tree plot saved at: /users/harry/desktop/Computational_Genetics/Final_project/code/result/Consensus/Majority_Rule_Consensus_Tree_gene.png
2024-12-07 17:28:46,645 [INFO] Processing consensus for category: genome
2024-12-07 17:28:46,645 [INFO] Number of majority splits for genome: 8
2024-12-07 17:28:46,794 [INFO] Consensus tree saved to /users/harry/desktop/Computational_Genetics/Final_project/code/result/Consensus/Consensus_Majority_Rule_Tree_genome.nex
2024-12-07 17:28:46,794 [INFO] Consensus tree saved to /users/harry/desktop/Computational_Genetics/Final_project/code/result/Consensus/Consensus_Majority_Rule_Tree_genome.nwk
2024-12-07 17:28:46,794 [INFO] Consensus tree plot saved at: /users/harry/desktop/Computational_Genetics/Final_project/code/result/Consensus/Majority_Rule_Consensus_Tree_genome.png
2024-12-07 17:28:46,794 [INFO] NN, UPGMA clustering, and consensus tree generation completed successfully.
2024-12-07 17:33:34,680 [INFO] Starting phylogenetic analysis in folder: /users/harry/desktop/Computational_Genetics/Final_project/code/
2024-12-07 17:33:39,011 [INFO] Processing consensus for category: cds
2024-12-07 17:33:39,011 [INFO] Number of majority splits for cds: 8
2024-12-07 17:33:39,163 [INFO] Consensus tree saved to /users/harry/desktop/Computational_Genetics/Final_project/code/result/Consensus/Consensus_Majority_Rule_Tree_cds.nex
2024-12-07 17:33:39,163 [INFO] Consensus tree saved to /users/harry/desktop/Computational_Genetics/Final_project/code/result/Consensus/Consensus_Majority_Rule_Tree_cds.nwk
2024-12-07 17:33:39,163 [INFO] Consensus tree plot saved at: /users/harry/desktop/Computational_Genetics/Final_project/code/result/Consensus/Majority_Rule_Consensus_Tree_cds.png
2024-12-07 17:33:39,163 [INFO] Processing consensus for category: gene
2024-12-07 17:33:39,163 [INFO] Number of majority splits for gene: 8
2024-12-07 17:33:39,315 [INFO] Consensus tree saved to /users/harry/desktop/Computational_Genetics/Final_project/code/result/Consensus/Consensus_Majority_Rule_Tree_gene.nex
2024-12-07 17:33:39,315 [INFO] Consensus tree saved to /users/harry/desktop/Computational_Genetics/Final_project/code/result/Consensus/Consensus_Majority_Rule_Tree_gene.nwk
2024-12-07 17:33:39,315 [INFO] Consensus tree plot saved at: /users/harry/desktop/Computational_Genetics/Final_project/code/result/Consensus/Majority_Rule_Consensus_Tree_gene.png
2024-12-07 17:33:39,315 [INFO] Processing consensus for category: genome
2024-12-07 17:33:39,316 [INFO] Number of majority splits for genome: 8
2024-12-07 17:33:39,468 [INFO] Consensus tree saved to /users/harry/desktop/Computational_Genetics/Final_project/code/result/Consensus/Consensus_Majority_Rule_Tree_genome.nex
2024-12-07 17:33:39,468 [INFO] Consensus tree saved to /users/harry/desktop/Computational_Genetics/Final_project/code/result/Consensus/Consensus_Majority_Rule_Tree_genome.nwk
2024-12-07 17:33:39,469 [INFO] Consensus tree plot saved at: /users/harry/desktop/Computational_Genetics/Final_project/code/result/Consensus/Majority_Rule_Consensus_Tree_genome.png
2024-12-07 17:33:39,469 [INFO] NN, UPGMA clustering, and consensus tree generation completed successfully.
